Arguments: 
  C:\Program Files\nodejs\node.exe C:\Users\monru\AppData\Roaming\npm\node_modules\yarn\bin\yarn.js add @cucumber/cucumber --dev

PATH: 
  C:\Program Files (x86)\Common Files\Oracle\Java\javapath;C:\Windows\system32;C:\Windows;C:\Windows\System32\Wbem;C:\Windows\System32\WindowsPowerShell\v1.0\;C:\Windows\System32\OpenSSH\;C:\Program Files\dotnet\;C:\Program Files\Git\cmd;C:\Program Files\nodejs\;C:\Users\monru\AppData\Local\Programs\Python\Python310\Scripts\;C:\Users\monru\AppData\Local\Programs\Python\Python310\;C:\Users\monru\AppData\Local\Programs\Python\Python39\Scripts\;C:\Users\monru\AppData\Local\Programs\Python\Python39\;C:\Users\monru\AppData\Local\Microsoft\WindowsApps;D:\Microsoft VS Code\bin;C:\Users\monru\.dotnet\tools;C:\Users\monru\AppData\Local\GitHubDesktop\bin;C:\Users\monru\AppData\Roaming\npm

Yarn version: 
  1.22.19

Node version: 
  16.17.0

Platform: 
  win32 x64

Trace: 
  SyntaxError: C:\Users\monru\Documents\GitHub\MineSweeper\package.json: Unexpected end of JSON input
      at JSON.parse (<anonymous>)
      at C:\Users\monru\AppData\Roaming\npm\node_modules\yarn\lib\cli.js:1629:59
      at Generator.next (<anonymous>)
      at step (C:\Users\monru\AppData\Roaming\npm\node_modules\yarn\lib\cli.js:310:30)
      at C:\Users\monru\AppData\Roaming\npm\node_modules\yarn\lib\cli.js:321:13

npm manifest: 
  

yarn manifest: 
  No manifest

Lockfile: 
  # THIS IS AN AUTOGENERATED FILE. DO NOT EDIT THIS FILE DIRECTLY.
  # yarn lockfile v1
